15:52:13.995 INFO  [main][QuestionnaireApplication.logStarting(StartupInfoLogger.java:55)] Starting QuestionnaireApplication using Java 17.0.2 on DESKTOP-PE6C67G with PID 11256 (D:\JavaProject\questionnaire\bin\main started by asus in D:\JavaProject\questionnaire)
15:52:14.005 INFO  [main][QuestionnaireApplication.logStartupProfileInfo(SpringApplication.java:632)] No active profile set, falling back to 1 default profile: "default"
15:52:15.856 INFO  [main][RepositoryConfigurationDelegate.registerRepositoriesIn(RepositoryConfigurationDelegate.java:132)] Bootstrapping Spring Data JPA repositories in DEFAULT mode.
15:52:16.110 INFO  [main][RepositoryConfigurationDelegate.registerRepositoriesIn(RepositoryConfigurationDelegate.java:201)] Finished Spring Data repository scanning in 223 ms. Found 3 JPA repository interfaces.
15:52:17.994 INFO  [main][TomcatWebServer.initialize(TomcatWebServer.java:108)] Tomcat initialized with port(s): 8080 (http)
15:52:18.018 INFO  [main][Http11NioProtocol.log(DirectJDKLog.java:173)] Initializing ProtocolHandler ["http-nio-8080"]
15:52:18.029 INFO  [main][StandardService.log(DirectJDKLog.java:173)] Starting service [Tomcat]
15:52:18.030 INFO  [main][StandardEngine.log(DirectJDKLog.java:173)] Starting Servlet engine: [Apache Tomcat/9.0.82]
15:52:18.290 INFO  [main][[/].log(DirectJDKLog.java:173)] Initializing Spring embedded WebApplicationContext
15:52:18.291 INFO  [main][ServletWebServerApplicationContext.prepareWebApplicationContext(ServletWebServerApplicationContext.java:292)] Root WebApplicationContext: initialization completed in 4116 ms
15:52:18.747 INFO  [main][HikariDataSource.getConnection(HikariDataSource.java:110)] HikariPool-1 - Starting...
15:52:19.222 INFO  [main][HikariDataSource.getConnection(HikariDataSource.java:123)] HikariPool-1 - Start completed.
15:52:19.665 INFO  [main][LogHelper.logPersistenceUnitInformation(LogHelper.java:31)] HHH000204: Processing PersistenceUnitInfo [name: default]
15:52:19.809 INFO  [main][Version.logVersion(Version.java:44)] HHH000412: Hibernate ORM core version 5.6.15.Final
15:52:20.275 INFO  [main][Version.<clinit>(JavaReflectionManager.java:56)] HCANN000001: Hibernate Commons Annotations {5.1.2.Final}
15:52:20.620 INFO  [main][Dialect.<init>(Dialect.java:175)] HHH000400: Using dialect: org.hibernate.dialect.MySQL8Dialect
15:52:21.997 INFO  [main][JtaPlatformInitiator.initiateService(JtaPlatformInitiator.java:52)] HHH000490: Using JtaPlatform implementation: [org.hibernate.engine.transaction.jta.platform.internal.NoJtaPlatform]
15:52:22.026 INFO  [main][LocalContainerEntityManagerFactoryBean.buildNativeEntityManagerFactory(AbstractEntityManagerFactoryBean.java:437)] Initialized JPA EntityManagerFactory for persistence unit 'default'
15:52:23.890 WARN  [main][JpaBaseConfiguration$JpaWebConfiguration.openEntityManagerInViewInterceptor(JpaBaseConfiguration.java:223)] spring.jpa.open-in-view is enabled by default. Therefore, database queries may be performed during view rendering. Explicitly configure spring.jpa.open-in-view to disable this warning
15:52:24.759 INFO  [main][Http11NioProtocol.log(DirectJDKLog.java:173)] Starting ProtocolHandler ["http-nio-8080"]
15:52:24.820 INFO  [main][TomcatWebServer.start(TomcatWebServer.java:220)] Tomcat started on port(s): 8080 (http) with context path ''
15:52:24.849 INFO  [main][QuestionnaireApplication.logStarted(StartupInfoLogger.java:61)] Started QuestionnaireApplication in 11.802 seconds (JVM running for 13.48)
15:52:39.365 INFO  [http-nio-8080-exec-1][[/].log(DirectJDKLog.java:173)] Initializing Spring DispatcherServlet 'dispatcherServlet'
15:52:39.366 INFO  [http-nio-8080-exec-1][DispatcherServlet.initServletBean(FrameworkServlet.java:525)] Initializing Servlet 'dispatcherServlet'
15:52:39.368 INFO  [http-nio-8080-exec-1][DispatcherServlet.initServletBean(FrameworkServlet.java:547)] Completed initialization in 2 ms
15:53:00.788 WARN  [http-nio-8080-exec-9][DefaultHandlerExceptionResolver.logException(AbstractHandlerExceptionResolver.java:208)] Resolved [org.springframework.web.method.annotation.MethodArgumentTypeMismatchException: Failed to convert value of type 'java.lang.String' to required type 'java.time.LocalDate'; nested exception is org.springframework.core.convert.ConversionFailedException: Failed to convert from type [java.lang.String] to type [java.time.LocalDate] for value [2023-12-15T00:00:00.000Z]; nested exception is java.lang.IllegalArgumentException: Parse attempt failed for value [2023-12-15T00:00:00.000Z]]
15:53:12.025 WARN  [http-nio-8080-exec-10][DefaultHandlerExceptionResolver.logException(AbstractHandlerExceptionResolver.java:208)] Resolved [org.springframework.web.method.annotation.MethodArgumentTypeMismatchException: Failed to convert value of type 'java.lang.String' to required type 'java.time.LocalDate'; nested exception is org.springframework.core.convert.ConversionFailedException: Failed to convert from type [java.lang.String] to type [java.time.LocalDate] for value [2023-12-15T00:00:00.000Z]; nested exception is java.lang.IllegalArgumentException: Parse attempt failed for value [2023-12-15T00:00:00.000Z]]
16:43:59.364 INFO  [main][QuestionnaireApplication.logStarting(StartupInfoLogger.java:55)] Starting QuestionnaireApplication using Java 17.0.2 on DESKTOP-PE6C67G with PID 6756 (D:\JavaProject\questionnaire\bin\main started by asus in D:\JavaProject\questionnaire)
16:43:59.387 INFO  [main][QuestionnaireApplication.logStartupProfileInfo(SpringApplication.java:632)] No active profile set, falling back to 1 default profile: "default"
16:44:01.190 INFO  [main][RepositoryConfigurationDelegate.registerRepositoriesIn(RepositoryConfigurationDelegate.java:132)] Bootstrapping Spring Data JPA repositories in DEFAULT mode.
16:44:01.390 INFO  [main][RepositoryConfigurationDelegate.registerRepositoriesIn(RepositoryConfigurationDelegate.java:201)] Finished Spring Data repository scanning in 174 ms. Found 3 JPA repository interfaces.
16:44:03.300 INFO  [main][TomcatWebServer.initialize(TomcatWebServer.java:108)] Tomcat initialized with port(s): 8080 (http)
16:44:03.335 INFO  [main][Http11NioProtocol.log(DirectJDKLog.java:173)] Initializing ProtocolHandler ["http-nio-8080"]
16:44:03.340 INFO  [main][StandardService.log(DirectJDKLog.java:173)] Starting service [Tomcat]
16:44:03.341 INFO  [main][StandardEngine.log(DirectJDKLog.java:173)] Starting Servlet engine: [Apache Tomcat/9.0.82]
16:44:03.626 INFO  [main][[/].log(DirectJDKLog.java:173)] Initializing Spring embedded WebApplicationContext
16:44:03.627 INFO  [main][ServletWebServerApplicationContext.prepareWebApplicationContext(ServletWebServerApplicationContext.java:292)] Root WebApplicationContext: initialization completed in 4090 ms
16:44:03.927 INFO  [main][HikariDataSource.getConnection(HikariDataSource.java:110)] HikariPool-1 - Starting...
16:44:04.404 INFO  [main][HikariDataSource.getConnection(HikariDataSource.java:123)] HikariPool-1 - Start completed.
16:44:04.881 INFO  [main][LogHelper.logPersistenceUnitInformation(LogHelper.java:31)] HHH000204: Processing PersistenceUnitInfo [name: default]
16:44:05.100 INFO  [main][Version.logVersion(Version.java:44)] HHH000412: Hibernate ORM core version 5.6.15.Final
16:44:05.567 INFO  [main][Version.<clinit>(JavaReflectionManager.java:56)] HCANN000001: Hibernate Commons Annotations {5.1.2.Final}
16:44:05.966 INFO  [main][Dialect.<init>(Dialect.java:175)] HHH000400: Using dialect: org.hibernate.dialect.MySQL8Dialect
16:44:07.364 INFO  [main][JtaPlatformInitiator.initiateService(JtaPlatformInitiator.java:52)] HHH000490: Using JtaPlatform implementation: [org.hibernate.engine.transaction.jta.platform.internal.NoJtaPlatform]
16:44:07.395 INFO  [main][LocalContainerEntityManagerFactoryBean.buildNativeEntityManagerFactory(AbstractEntityManagerFactoryBean.java:437)] Initialized JPA EntityManagerFactory for persistence unit 'default'
16:44:09.299 WARN  [main][JpaBaseConfiguration$JpaWebConfiguration.openEntityManagerInViewInterceptor(JpaBaseConfiguration.java:223)] spring.jpa.open-in-view is enabled by default. Therefore, database queries may be performed during view rendering. Explicitly configure spring.jpa.open-in-view to disable this warning
16:44:10.153 INFO  [main][Http11NioProtocol.log(DirectJDKLog.java:173)] Starting ProtocolHandler ["http-nio-8080"]
16:44:10.209 INFO  [main][TomcatWebServer.start(TomcatWebServer.java:220)] Tomcat started on port(s): 8080 (http) with context path ''
16:44:10.234 INFO  [main][QuestionnaireApplication.logStarted(StartupInfoLogger.java:61)] Started QuestionnaireApplication in 11.747 seconds (JVM running for 13.469)
16:44:25.884 INFO  [http-nio-8080-exec-2][[/].log(DirectJDKLog.java:173)] Initializing Spring DispatcherServlet 'dispatcherServlet'
16:44:25.885 INFO  [http-nio-8080-exec-2][DispatcherServlet.initServletBean(FrameworkServlet.java:525)] Initializing Servlet 'dispatcherServlet'
16:44:25.889 INFO  [http-nio-8080-exec-2][DispatcherServlet.initServletBean(FrameworkServlet.java:547)] Completed initialization in 2 ms
17:11:43.062 INFO  [main][QuestionnaireApplication.logStarting(StartupInfoLogger.java:55)] Starting QuestionnaireApplication using Java 17.0.2 on DESKTOP-PE6C67G with PID 7192 (D:\JavaProject\questionnaire\bin\main started by asus in D:\JavaProject\questionnaire)
17:11:43.079 INFO  [main][QuestionnaireApplication.logStartupProfileInfo(SpringApplication.java:632)] No active profile set, falling back to 1 default profile: "default"
17:11:45.124 INFO  [main][RepositoryConfigurationDelegate.registerRepositoriesIn(RepositoryConfigurationDelegate.java:132)] Bootstrapping Spring Data JPA repositories in DEFAULT mode.
17:11:45.366 INFO  [main][RepositoryConfigurationDelegate.registerRepositoriesIn(RepositoryConfigurationDelegate.java:201)] Finished Spring Data repository scanning in 219 ms. Found 3 JPA repository interfaces.
17:11:47.959 INFO  [main][TomcatWebServer.initialize(TomcatWebServer.java:108)] Tomcat initialized with port(s): 8080 (http)
17:11:47.993 INFO  [main][Http11NioProtocol.log(DirectJDKLog.java:173)] Initializing ProtocolHandler ["http-nio-8080"]
17:11:48.001 INFO  [main][StandardService.log(DirectJDKLog.java:173)] Starting service [Tomcat]
17:11:48.002 INFO  [main][StandardEngine.log(DirectJDKLog.java:173)] Starting Servlet engine: [Apache Tomcat/9.0.82]
17:11:48.363 INFO  [main][[/].log(DirectJDKLog.java:173)] Initializing Spring embedded WebApplicationContext
17:11:48.364 INFO  [main][ServletWebServerApplicationContext.prepareWebApplicationContext(ServletWebServerApplicationContext.java:292)] Root WebApplicationContext: initialization completed in 5122 ms
17:11:48.715 INFO  [main][HikariDataSource.getConnection(HikariDataSource.java:110)] HikariPool-1 - Starting...
17:11:49.282 INFO  [main][HikariDataSource.getConnection(HikariDataSource.java:123)] HikariPool-1 - Start completed.
17:11:49.903 INFO  [main][LogHelper.logPersistenceUnitInformation(LogHelper.java:31)] HHH000204: Processing PersistenceUnitInfo [name: default]
17:11:50.091 INFO  [main][Version.logVersion(Version.java:44)] HHH000412: Hibernate ORM core version 5.6.15.Final
17:11:50.633 INFO  [main][Version.<clinit>(JavaReflectionManager.java:56)] HCANN000001: Hibernate Commons Annotations {5.1.2.Final}
17:11:51.055 INFO  [main][Dialect.<init>(Dialect.java:175)] HHH000400: Using dialect: org.hibernate.dialect.MySQL8Dialect
17:11:52.605 INFO  [main][JtaPlatformInitiator.initiateService(JtaPlatformInitiator.java:52)] HHH000490: Using JtaPlatform implementation: [org.hibernate.engine.transaction.jta.platform.internal.NoJtaPlatform]
17:11:52.637 INFO  [main][LocalContainerEntityManagerFactoryBean.buildNativeEntityManagerFactory(AbstractEntityManagerFactoryBean.java:437)] Initialized JPA EntityManagerFactory for persistence unit 'default'
17:11:54.867 WARN  [main][JpaBaseConfiguration$JpaWebConfiguration.openEntityManagerInViewInterceptor(JpaBaseConfiguration.java:223)] spring.jpa.open-in-view is enabled by default. Therefore, database queries may be performed during view rendering. Explicitly configure spring.jpa.open-in-view to disable this warning
17:11:56.017 INFO  [main][Http11NioProtocol.log(DirectJDKLog.java:173)] Starting ProtocolHandler ["http-nio-8080"]
17:11:56.087 INFO  [main][TomcatWebServer.start(TomcatWebServer.java:220)] Tomcat started on port(s): 8080 (http) with context path ''
17:11:56.114 INFO  [main][QuestionnaireApplication.logStarted(StartupInfoLogger.java:61)] Started QuestionnaireApplication in 13.957 seconds (JVM running for 15.871)
17:12:06.123 INFO  [http-nio-8080-exec-1][[/].log(DirectJDKLog.java:173)] Initializing Spring DispatcherServlet 'dispatcherServlet'
17:12:06.124 INFO  [http-nio-8080-exec-1][DispatcherServlet.initServletBean(FrameworkServlet.java:525)] Initializing Servlet 'dispatcherServlet'
17:12:06.126 INFO  [http-nio-8080-exec-1][DispatcherServlet.initServletBean(FrameworkServlet.java:547)] Completed initialization in 1 ms
17:51:56.584 WARN  [HikariPool-1 housekeeper][HikariPool.run(HikariPool.java:788)] HikariPool-1 - Thread starvation or clock leap detected (housekeeper delta=2m6s562ms601µs500ns).
19:27:37.743 WARN  [HikariPool-1 housekeeper][HikariPool.run(HikariPool.java:788)] HikariPool-1 - Thread starvation or clock leap detected (housekeeper delta=1h24m40s997ms397µs900ns).
19:51:15.316 WARN  [HikariPool-1 housekeeper][HikariPool.run(HikariPool.java:788)] HikariPool-1 - Thread starvation or clock leap detected (housekeeper delta=11m7s373ms815µs800ns).
21:10:54.309 WARN  [http-nio-8080-exec-9][DefaultHandlerExceptionResolver.logException(AbstractHandlerExceptionResolver.java:208)] Resolved [org.springframework.http.converter.HttpMessageNotReadableException: Required request body is missing: public com.example.questionnaire.vo.QuizRes com.example.questionnaire.controller.QuizConetroller.deleteQuestionnaire(java.util.List<java.lang.Integer>)]
21:10:54.639 WARN  [http-nio-8080-exec-10][DefaultHandlerExceptionResolver.logException(AbstractHandlerExceptionResolver.java:208)] Resolved [org.springframework.http.converter.HttpMessageNotReadableException: Required request body is missing: public com.example.questionnaire.vo.QuizRes com.example.questionnaire.controller.QuizConetroller.deleteQuestionnaire(java.util.List<java.lang.Integer>)]
21:10:56.129 WARN  [http-nio-8080-exec-1][DefaultHandlerExceptionResolver.logException(AbstractHandlerExceptionResolver.java:208)] Resolved [org.springframework.http.converter.HttpMessageNotReadableException: Required request body is missing: public com.example.questionnaire.vo.QuizRes com.example.questionnaire.controller.QuizConetroller.deleteQuestionnaire(java.util.List<java.lang.Integer>)]
21:10:56.636 WARN  [http-nio-8080-exec-2][DefaultHandlerExceptionResolver.logException(AbstractHandlerExceptionResolver.java:208)] Resolved [org.springframework.http.converter.HttpMessageNotReadableException: Required request body is missing: public com.example.questionnaire.vo.QuizRes com.example.questionnaire.controller.QuizConetroller.deleteQuestionnaire(java.util.List<java.lang.Integer>)]
21:10:57.390 WARN  [http-nio-8080-exec-3][DefaultHandlerExceptionResolver.logException(AbstractHandlerExceptionResolver.java:208)] Resolved [org.springframework.http.converter.HttpMessageNotReadableException: Required request body is missing: public com.example.questionnaire.vo.QuizRes com.example.questionnaire.controller.QuizConetroller.deleteQuestionnaire(java.util.List<java.lang.Integer>)]
21:10:57.963 WARN  [http-nio-8080-exec-4][DefaultHandlerExceptionResolver.logException(AbstractHandlerExceptionResolver.java:208)] Resolved [org.springframework.http.converter.HttpMessageNotReadableException: Required request body is missing: public com.example.questionnaire.vo.QuizRes com.example.questionnaire.controller.QuizConetroller.deleteQuestionnaire(java.util.List<java.lang.Integer>)]
21:10:58.424 WARN  [http-nio-8080-exec-5][DefaultHandlerExceptionResolver.logException(AbstractHandlerExceptionResolver.java:208)] Resolved [org.springframework.http.converter.HttpMessageNotReadableException: Required request body is missing: public com.example.questionnaire.vo.QuizRes com.example.questionnaire.controller.QuizConetroller.deleteQuestionnaire(java.util.List<java.lang.Integer>)]
21:11:20.715 WARN  [http-nio-8080-exec-6][DefaultHandlerExceptionResolver.logException(AbstractHandlerExceptionResolver.java:208)] Resolved [org.springframework.http.converter.HttpMessageNotReadableException: Required request body is missing: public com.example.questionnaire.vo.QuizRes com.example.questionnaire.controller.QuizConetroller.deleteQuestionnaire(java.util.List<java.lang.Integer>)]
21:42:13.003 WARN  [HikariPool-1 housekeeper][HikariPool.run(HikariPool.java:788)] HikariPool-1 - Thread starvation or clock leap detected (housekeeper delta=1m25s532ms171µs600ns).
22:03:28.273 WARN  [HikariPool-1 housekeeper][HikariPool.run(HikariPool.java:788)] HikariPool-1 - Thread starvation or clock leap detected (housekeeper delta=11m45s86ms424µs400ns).
22:16:56.268 WARN  [HikariPool-1 housekeeper][HikariPool.run(HikariPool.java:788)] HikariPool-1 - Thread starvation or clock leap detected (housekeeper delta=1m27s740ms586µs500ns).
23:10:48.710 WARN  [http-nio-8080-exec-8][DefaultHandlerExceptionResolver.logException(AbstractHandlerExceptionResolver.java:208)] Resolved [org.springframework.http.converter.HttpMessageNotReadableException: JSON parse error: Cannot deserialize value of type `java.time.LocalDate` from String "2023-12-5": Failed to deserialize java.time.LocalDate: (java.time.format.DateTimeParseException) Text '2023-12-5' could not be parsed at index 8; nested exception is com.fasterxml.jackson.databind.exc.InvalidFormatException: Cannot deserialize value of type `java.time.LocalDate` from String "2023-12-5": Failed to deserialize java.time.LocalDate: (java.time.format.DateTimeParseException) Text '2023-12-5' could not be parsed at index 8<EOL> at [Source: (org.springframework.util.StreamUtils$NonClosingInputStream); line: 6, column: 19] (through reference chain: com.example.questionnaire.vo.QuizReq["questionnaire"]->com.example.questionnaire.entity.Questionnaire["startDate"])]
23:10:56.510 WARN  [http-nio-8080-exec-2][DefaultHandlerExceptionResolver.logException(AbstractHandlerExceptionResolver.java:208)] Resolved [org.springframework.http.converter.HttpMessageNotReadableException: JSON parse error: Cannot deserialize value of type `java.time.LocalDate` from String "2023-12-5": Failed to deserialize java.time.LocalDate: (java.time.format.DateTimeParseException) Text '2023-12-5' could not be parsed at index 8; nested exception is com.fasterxml.jackson.databind.exc.InvalidFormatException: Cannot deserialize value of type `java.time.LocalDate` from String "2023-12-5": Failed to deserialize java.time.LocalDate: (java.time.format.DateTimeParseException) Text '2023-12-5' could not be parsed at index 8<EOL> at [Source: (org.springframework.util.StreamUtils$NonClosingInputStream); line: 6, column: 19] (through reference chain: com.example.questionnaire.vo.QuizReq["questionnaire"]->com.example.questionnaire.entity.Questionnaire["startDate"])]
23:10:58.230 WARN  [http-nio-8080-exec-3][DefaultHandlerExceptionResolver.logException(AbstractHandlerExceptionResolver.java:208)] Resolved [org.springframework.http.converter.HttpMessageNotReadableException: JSON parse error: Cannot deserialize value of type `java.time.LocalDate` from String "2023-12-5": Failed to deserialize java.time.LocalDate: (java.time.format.DateTimeParseException) Text '2023-12-5' could not be parsed at index 8; nested exception is com.fasterxml.jackson.databind.exc.InvalidFormatException: Cannot deserialize value of type `java.time.LocalDate` from String "2023-12-5": Failed to deserialize java.time.LocalDate: (java.time.format.DateTimeParseException) Text '2023-12-5' could not be parsed at index 8<EOL> at [Source: (org.springframework.util.StreamUtils$NonClosingInputStream); line: 6, column: 19] (through reference chain: com.example.questionnaire.vo.QuizReq["questionnaire"]->com.example.questionnaire.entity.Questionnaire["startDate"])]
23:11:08.419 WARN  [http-nio-8080-exec-5][DefaultHandlerExceptionResolver.logException(AbstractHandlerExceptionResolver.java:208)] Resolved [org.springframework.http.converter.HttpMessageNotReadableException: JSON parse error: Cannot deserialize value of type `java.time.LocalDate` from String "2023-12-2": Failed to deserialize java.time.LocalDate: (java.time.format.DateTimeParseException) Text '2023-12-2' could not be parsed at index 8; nested exception is com.fasterxml.jackson.databind.exc.InvalidFormatException: Cannot deserialize value of type `java.time.LocalDate` from String "2023-12-2": Failed to deserialize java.time.LocalDate: (java.time.format.DateTimeParseException) Text '2023-12-2' could not be parsed at index 8<EOL> at [Source: (org.springframework.util.StreamUtils$NonClosingInputStream); line: 6, column: 19] (through reference chain: com.example.questionnaire.vo.QuizReq["questionnaire"]->com.example.questionnaire.entity.Questionnaire["startDate"])]
23:11:13.062 WARN  [http-nio-8080-exec-9][DefaultHandlerExceptionResolver.logException(AbstractHandlerExceptionResolver.java:208)] Resolved [org.springframework.http.converter.HttpMessageNotReadableException: JSON parse error: Cannot deserialize value of type `java.time.LocalDate` from String "2023-12-6": Failed to deserialize java.time.LocalDate: (java.time.format.DateTimeParseException) Text '2023-12-6' could not be parsed at index 8; nested exception is com.fasterxml.jackson.databind.exc.InvalidFormatException: Cannot deserialize value of type `java.time.LocalDate` from String "2023-12-6": Failed to deserialize java.time.LocalDate: (java.time.format.DateTimeParseException) Text '2023-12-6' could not be parsed at index 8<EOL> at [Source: (org.springframework.util.StreamUtils$NonClosingInputStream); line: 6, column: 19] (through reference chain: com.example.questionnaire.vo.QuizReq["questionnaire"]->com.example.questionnaire.entity.Questionnaire["startDate"])]
23:22:16.102 WARN  [http-nio-8080-exec-6][DefaultHandlerExceptionResolver.logException(AbstractHandlerExceptionResolver.java:208)] Resolved [org.springframework.http.converter.HttpMessageNotReadableException: JSON parse error: Cannot deserialize value of type `java.time.LocalDate` from String "2023-12-5": Failed to deserialize java.time.LocalDate: (java.time.format.DateTimeParseException) Text '2023-12-5' could not be parsed at index 8; nested exception is com.fasterxml.jackson.databind.exc.InvalidFormatException: Cannot deserialize value of type `java.time.LocalDate` from String "2023-12-5": Failed to deserialize java.time.LocalDate: (java.time.format.DateTimeParseException) Text '2023-12-5' could not be parsed at index 8<EOL> at [Source: (org.springframework.util.StreamUtils$NonClosingInputStream); line: 6, column: 19] (through reference chain: com.example.questionnaire.vo.QuizReq["questionnaire"]->com.example.questionnaire.entity.Questionnaire["startDate"])]
23:22:35.015 WARN  [http-nio-8080-exec-9][DefaultHandlerExceptionResolver.logException(AbstractHandlerExceptionResolver.java:208)] Resolved [org.springframework.http.converter.HttpMessageNotReadableException: JSON parse error: Cannot deserialize value of type `java.time.LocalDate` from String "2023-12-5": Failed to deserialize java.time.LocalDate: (java.time.format.DateTimeParseException) Text '2023-12-5' could not be parsed at index 8; nested exception is com.fasterxml.jackson.databind.exc.InvalidFormatException: Cannot deserialize value of type `java.time.LocalDate` from String "2023-12-5": Failed to deserialize java.time.LocalDate: (java.time.format.DateTimeParseException) Text '2023-12-5' could not be parsed at index 8<EOL> at [Source: (org.springframework.util.StreamUtils$NonClosingInputStream); line: 6, column: 19] (through reference chain: com.example.questionnaire.vo.QuizReq["questionnaire"]->com.example.questionnaire.entity.Questionnaire["startDate"])]
23:22:41.591 WARN  [http-nio-8080-exec-8][DefaultHandlerExceptionResolver.logException(AbstractHandlerExceptionResolver.java:208)] Resolved [org.springframework.http.converter.HttpMessageNotReadableException: JSON parse error: Cannot deserialize value of type `java.time.LocalDate` from String "2023-12-8": Failed to deserialize java.time.LocalDate: (java.time.format.DateTimeParseException) Text '2023-12-8' could not be parsed at index 8; nested exception is com.fasterxml.jackson.databind.exc.InvalidFormatException: Cannot deserialize value of type `java.time.LocalDate` from String "2023-12-8": Failed to deserialize java.time.LocalDate: (java.time.format.DateTimeParseException) Text '2023-12-8' could not be parsed at index 8<EOL> at [Source: (org.springframework.util.StreamUtils$NonClosingInputStream); line: 6, column: 19] (through reference chain: com.example.questionnaire.vo.QuizReq["questionnaire"]->com.example.questionnaire.entity.Questionnaire["startDate"])]
23:22:47.245 WARN  [http-nio-8080-exec-2][DefaultHandlerExceptionResolver.logException(AbstractHandlerExceptionResolver.java:208)] Resolved [org.springframework.http.converter.HttpMessageNotReadableException: JSON parse error: Cannot deserialize value of type `java.time.LocalDate` from String "2023-12-9": Failed to deserialize java.time.LocalDate: (java.time.format.DateTimeParseException) Text '2023-12-9' could not be parsed at index 8; nested exception is com.fasterxml.jackson.databind.exc.InvalidFormatException: Cannot deserialize value of type `java.time.LocalDate` from String "2023-12-9": Failed to deserialize java.time.LocalDate: (java.time.format.DateTimeParseException) Text '2023-12-9' could not be parsed at index 8<EOL> at [Source: (org.springframework.util.StreamUtils$NonClosingInputStream); line: 6, column: 19] (through reference chain: com.example.questionnaire.vo.QuizReq["questionnaire"]->com.example.questionnaire.entity.Questionnaire["startDate"])]
23:22:57.902 WARN  [http-nio-8080-exec-6][DefaultHandlerExceptionResolver.logException(AbstractHandlerExceptionResolver.java:208)] Resolved [org.springframework.http.converter.HttpMessageNotReadableException: JSON parse error: Cannot deserialize value of type `java.time.LocalDate` from String "2023-12-1": Failed to deserialize java.time.LocalDate: (java.time.format.DateTimeParseException) Text '2023-12-1' could not be parsed at index 8; nested exception is com.fasterxml.jackson.databind.exc.InvalidFormatException: Cannot deserialize value of type `java.time.LocalDate` from String "2023-12-1": Failed to deserialize java.time.LocalDate: (java.time.format.DateTimeParseException) Text '2023-12-1' could not be parsed at index 8<EOL> at [Source: (org.springframework.util.StreamUtils$NonClosingInputStream); line: 6, column: 19] (through reference chain: com.example.questionnaire.vo.QuizReq["questionnaire"]->com.example.questionnaire.entity.Questionnaire["startDate"])]
23:22:59.505 WARN  [http-nio-8080-exec-7][DefaultHandlerExceptionResolver.logException(AbstractHandlerExceptionResolver.java:208)] Resolved [org.springframework.http.converter.HttpMessageNotReadableException: JSON parse error: Cannot deserialize value of type `java.time.LocalDate` from String "2023-12-1": Failed to deserialize java.time.LocalDate: (java.time.format.DateTimeParseException) Text '2023-12-1' could not be parsed at index 8; nested exception is com.fasterxml.jackson.databind.exc.InvalidFormatException: Cannot deserialize value of type `java.time.LocalDate` from String "2023-12-1": Failed to deserialize java.time.LocalDate: (java.time.format.DateTimeParseException) Text '2023-12-1' could not be parsed at index 8<EOL> at [Source: (org.springframework.util.StreamUtils$NonClosingInputStream); line: 6, column: 19] (through reference chain: com.example.questionnaire.vo.QuizReq["questionnaire"]->com.example.questionnaire.entity.Questionnaire["startDate"])]
